<?xml version="1.0" encoding="UTF-8" ?>
<testsuite errors="0" failures="0" hostname="rhlaptop" name="com.redhat.ceylon.common.test.CeylonConfigTest" tests="9" time="0.293" timestamp="2012-07-19T11:29:31">
  <properties>
    <property name="java.vendor" value="Oracle Corporation" />
    <property name="sun.java.launcher" value="SUN_STANDARD" />
    <property name="sun.management.compiler" value="HotSpot 64-Bit Tiered Compilers" />
    <property name="os.name" value="Linux" />
    <property name="sun.boot.class.path" value="/usr/lib/jvm/java-1.7.0-openjdk-1.7.0.3.x86_64/jre/lib/resources.jar:/usr/lib/jvm/java-1.7.0-openjdk-1.7.0.3.x86_64/jre/lib/rt.jar:/usr/lib/jvm/java-1.7.0-openjdk-1.7.0.3.x86_64/jre/lib/sunrsasign.jar:/usr/lib/jvm/java-1.7.0-openjdk-1.7.0.3.x86_64/jre/lib/jsse.jar:/usr/lib/jvm/java-1.7.0-openjdk-1.7.0.3.x86_64/jre/lib/jce.jar:/usr/lib/jvm/java-1.7.0-openjdk-1.7.0.3.x86_64/jre/lib/charsets.jar:/usr/lib/jvm/java-1.7.0-openjdk-1.7.0.3.x86_64/jre/lib/netx.jar:/usr/lib/jvm/java-1.7.0-openjdk-1.7.0.3.x86_64/jre/lib/plugin.jar:/usr/lib/jvm/java-1.7.0-openjdk-1.7.0.3.x86_64/jre/lib/rhino.jar:/usr/lib/jvm/java-1.7.0-openjdk-1.7.0.3.x86_64/jre/lib/jfr.jar:/usr/lib/jvm/java-1.7.0-openjdk-1.7.0.3.x86_64/jre/classes" />
    <property name="sun.desktop" value="gnome" />
    <property name="java.vm.specification.vendor" value="Oracle Corporation" />
    <property name="ant.home" value="/usr/share/ant" />
    <property name="java.runtime.version" value="1.7.0_03-icedtea-mockbuild_2012_06_13_15_59-b00" />
    <property name="user.name" value="tschotan" />
    <property name="build.dir" value="/home/tschotan/projects/ceylon/ceylon-common/build" />
    <property name="user.language" value="en" />
    <property name="base.path" value="/home/tschotan/projects/ceylon/ceylon-common/lib" />
    <property name="sun.boot.library.path" value="/usr/lib/jvm/java-1.7.0-openjdk-1.7.0.3.x86_64/jre/lib/amd64" />
    <property name="ant.project.default-target" value="publish" />
    <property name="ant.project.name" value="Ceylon Common module" />
    <property name="java.version" value="1.7.0_03-icedtea" />
    <property name="user.timezone" value="" />
    <property name="sun.arch.data.model" value="64" />
    <property name="ceylon.repo.dir" value="/home/tschotan/.ceylon/repo" />
    <property name="java.endorsed.dirs" value="/usr/lib/jvm/java-1.7.0-openjdk-1.7.0.3.x86_64/jre/lib/endorsed" />
    <property name="sun.cpu.isalist" value="" />
    <property name="sun.jnu.encoding" value="UTF-8" />
    <property name="file.encoding.pkg" value="sun.io" />
    <property name="file.separator" value="/" />
    <property name="java.specification.name" value="Java Platform API Specification" />
    <property name="java.class.version" value="51.0" />
    <property name="src" value="/home/tschotan/projects/ceylon/ceylon-common/src" />
    <property name="user.country" value="US" />
    <property name="java.home" value="/usr/lib/jvm/java-1.7.0-openjdk-1.7.0.3.x86_64/jre" />
    <property name="java.vm.info" value="mixed mode" />
    <property name="ceylon.common.lib" value="/home/tschotan/.ceylon/repo/com/redhat/ceylon/common/0.3.1/com.redhat.ceylon.common-0.3.1.jar" />
    <property name="build.dist" value="/home/tschotan/projects/ceylon/ceylon-common/build/dist" />
    <property name="ant.file" value="/home/tschotan/projects/ceylon/ceylon-common/build.xml" />
    <property name="os.version" value="3.3.4-5.fc17.x86_64" />
    <property name="junit.lib" value="/home/tschotan/projects/ceylon/ceylon-common/lib/junit-4.9b2.jar" />
    <property name="path.separator" value=":" />
    <property name="java.vm.version" value="23.0-b21" />
    <property name="ant.library.dir" value="/usr/share/ant/lib" />
    <property name="ant.file.Ceylon Common module" value="/home/tschotan/projects/ceylon/ceylon-common/build.xml" />
    <property name="java.awt.printerjob" value="sun.print.PSPrinterJob" />
    <property name="sun.io.unicode.encoding" value="UnicodeLittle" />
    <property name="awt.toolkit" value="sun.awt.X11.XToolkit" />
    <property name="user.home" value="/home/tschotan" />
    <property name="ceylon.common.dir" value="com/redhat/ceylon/common/0.3.1" />
    <property name="module.com.redhat.ceylon.common.version" value="0.3.1" />
    <property name="java.specification.vendor" value="Oracle Corporation" />
    <property name="java.library.path" value="/usr/java/packages/lib/amd64:/usr/lib64:/lib64:/lib:/usr/lib" />
    <property name="java.vendor.url" value="http://java.oracle.com/" />
    <property name="java.vm.vendor" value="Oracle Corporation" />
    <property name="ant.file.type.Ceylon Common module" value="file" />
    <property name="java.runtime.name" value="OpenJDK Runtime Environment" />
    <property name="junit.url" value="http://cloud.github.com/downloads/KentBeck/junit/junit4.9b2.zip" />
    <property name="sun.java.command" value="org.apache.tools.ant.taskdefs.optional.junit.JUnitTestRunner com.redhat.ceylon.common.test.CeylonConfigTest filtertrace=true haltOnError=false haltOnFailure=false formatter=org.apache.tools.ant.taskdefs.optional.junit.SummaryJUnitResultFormatter showoutput=false outputtoformatters=true logfailedtests=true logtestlistenerevents=false formatter=org.apache.tools.ant.taskdefs.optional.junit.XMLJUnitResultFormatter,/home/tschotan/projects/ceylon/ceylon-common/${test.reports}/TEST-com.redhat.ceylon.common.test.CeylonConfigTest.xml crashfile=/home/tschotan/projects/ceylon/ceylon-common/junitvmwatcher2922666216998231413.properties propsfile=/home/tschotan/projects/ceylon/ceylon-common/junit1846840546978824286.properties" />
    <property name="java.class.path" value="/home/tschotan/projects/ceylon/ceylon-common/build/classes:/home/tschotan/projects/ceylon/ceylon-common/lib/junit-4.9b2.jar:/usr/share/java/junit.jar:/usr/share/java/ant-launcher.jar:/usr/share/java/ant.jar:/usr/share/java/ant/ant-junit.jar:/usr/share/java/ant/ant-junit4.jar" />
    <property name="ant.version" value="Apache Ant(TM) version 1.8.3 compiled on February 29 2012" />
    <property name="ceylon.common.jar" value="com/redhat/ceylon/common/0.3.1/com.redhat.ceylon.common-0.3.1.jar" />
    <property name="java.vm.specification.name" value="Java Virtual Machine Specification" />
    <property name="ceylon.common.dist" value="/home/tschotan/projects/ceylon/ceylon-common/build/dist/com/redhat/ceylon/common/0.3.1" />
    <property name="ant.file.type" value="file" />
    <property name="ceylon.common.repo" value="/home/tschotan/.ceylon/repo/com/redhat/ceylon/common/0.3.1" />
    <property name="java.vm.specification.version" value="1.7" />
    <property name="junit.jar" value="junit-4.9b2.jar" />
    <property name="build.classes" value="/home/tschotan/projects/ceylon/ceylon-common/build/classes" />
    <property name="sun.cpu.endian" value="little" />
    <property name="sun.os.patch.level" value="unknown" />
    <property name="java.io.tmpdir" value="/tmp" />
    <property name="test.src" value="/home/tschotan/projects/ceylon/ceylon-common/test-src" />
    <property name="java.vendor.url.bug" value="http://bugreport.sun.com/bugreport/" />
    <property name="os.arch" value="amd64" />
    <property name="java.awt.graphicsenv" value="sun.awt.X11GraphicsEnvironment" />
    <property name="java.ext.dirs" value="/usr/lib/jvm/java-1.7.0-openjdk-1.7.0.3.x86_64/jre/lib/ext:/usr/java/packages/lib/ext" />
    <property name="user.dir" value="/home/tschotan/projects/ceylon/ceylon-common" />
    <property name="checksum.binary-prefix" value=" *" />
    <property name="line.separator" value="&#xa;" />
    <property name="java.vm.name" value="OpenJDK 64-Bit Server VM" />
    <property name="basedir" value="/home/tschotan/projects/ceylon/ceylon-common" />
    <property name="ant.java.version" value="1.7" />
    <property name="ant.core.lib" value="/usr/share/java/ant.jar" />
    <property name="file.encoding" value="UTF-8" />
    <property name="java.specification.version" value="1.7" />
    <property name="ant.project.invoked-targets" value="test" />
    <property name="junit.version" value="4.9b2" />
  </properties>
  <testcase classname="com.redhat.ceylon.common.test.CeylonConfigTest" name="testIsOptionDefined" time="0.012" />
  <testcase classname="com.redhat.ceylon.common.test.CeylonConfigTest" name="testStrings" time="0.006" />
  <testcase classname="com.redhat.ceylon.common.test.CeylonConfigTest" name="testCommentedBooleans" time="0.007" />
  <testcase classname="com.redhat.ceylon.common.test.CeylonConfigTest" name="testCommentedNumbers" time="0.007" />
  <testcase classname="com.redhat.ceylon.common.test.CeylonConfigTest" name="testMultiple" time="0.006" />
  <testcase classname="com.redhat.ceylon.common.test.CeylonConfigTest" name="testSectionNames" time="0.027" />
  <testcase classname="com.redhat.ceylon.common.test.CeylonConfigTest" name="testBooleans" time="0.005" />
  <testcase classname="com.redhat.ceylon.common.test.CeylonConfigTest" name="testNumbers" time="0.005" />
  <testcase classname="com.redhat.ceylon.common.test.CeylonConfigTest" name="testCommentedStrings" time="0.005" />
  <system-out><![CDATA[]]></system-out>
  <system-err><![CDATA[]]></system-err>
</testsuite>
